<?xml version="1.0" encoding="UTF-8"?>
<!-- 
Copyright 2014-2015 Boundary, Inc.

Licensed under the Apache License, Version 2.0 (the "License");
you may not use this file except in compliance with the License.
You may obtain a copy of the License at
     http://www.apache.org/licenses/LICENSE-2.0

Unless required by applicable law or agreed to in writing, software
distributed under the License is distributed on an "AS IS" BASIS,
WITHOUT WARRANTIES OR CONDITIONS OF ANY KIND, either express or implied.
See the License for the specific language governing permissions and
limitations under the License.
-->
<beans xmlns="http://www.springframework.org/schema/beans"
	xmlns:xsi="http://www.w3.org/2001/XMLSchema-instance"
	xsi:schemaLocation="
                   http://www.springframework.org/schema/beans
                   http://www.springframework.org/schema/beans/spring-beans-2.5.xsd
                   http://camel.apache.org/schema/spring
                   http://camel.apache.org/schema/spring/camel-spring.xsd">

	<camelContext id="camel" xmlns="http://camel.apache.org/schema/spring">
		<route id="SYSLOG-TO-EVENT-JS">
			<from uri="direct:syslog-js-in" />
			<to uri="language:javascript:classpath:META-INF/js/test-syslog-to-event.js" />
			<to uri="mock:event-js-out"/>
		</route>
		
		<route id="SYSLOG-TO-EVENT-PY">
			<from uri="direct:syslog-py-in" />
			<to uri="language:python:classpath:META-INF/python/test-syslog_to_event.py" />
			<to uri="mock:event-py-out"/>
		</route>
		
		<route id="SYSLOG-TO-EVENT-RB">
			<from uri="direct:syslog-rb-in" />
			<to uri="language:ruby:classpath:META-INF/ruby/test-syslog_to_event.rb" />
			<to uri="mock:event-rb-out"/>
		</route>
		
	</camelContext>
</beans>
